<?xml version="1.0" encoding="UTF-8"?>
<robot generator="Robot 4.0.1 (Python 3.9.4 on win32)" generated="20210427 17:20:19.657" rpa="false" schemaversion="2">
<suite id="s1" name="TestSiteApplication" source="c:\qaninja\applicationtest\TestAplicationPageObject\tests\TestSiteApplication.robot">
<test id="s1-t1" name="Caso de Teste com PO 01: Remover Produtos do Carrinho">
<kw name="Nova Sessão" library="Resource" type="SETUP">
<kw name="Open Browser" library="SeleniumLibrary">
<arg>${Home_Url}</arg>
<arg>${Browser}</arg>
<doc>Opens a new browser instance to the optional ``url``.</doc>
<msg timestamp="20210427 17:20:19.969" level="INFO">Opening browser 'chrome' to base url 'http://automationpractice.com'.</msg>
<status status="PASS" starttime="20210427 17:20:19.969" endtime="20210427 17:20:25.509"/>
</kw>
<status status="PASS" starttime="20210427 17:20:19.969" endtime="20210427 17:20:25.509"/>
</kw>
<kw name="Acessar a página home do site" library="Home">
<kw name="Go To" library="SeleniumLibrary">
<arg>${Home_Url}</arg>
<doc>Navigates the current browser window to the provided ``url``.</doc>
<msg timestamp="20210427 17:20:25.512" level="INFO">Opening url 'http://automationpractice.com'</msg>
<status status="PASS" starttime="20210427 17:20:25.511" endtime="20210427 17:20:27.185"/>
</kw>
<kw name="Wait Until Element Is Visible" library="SeleniumLibrary">
<arg>${Home_Menu}</arg>
<doc>Waits until the element ``locator`` is visible.</doc>
<status status="PASS" starttime="20210427 17:20:27.185" endtime="20210427 17:20:27.243"/>
</kw>
<kw name="Title Should Be" library="SeleniumLibrary">
<arg>${Home_Title}</arg>
<doc>Verifies that the current page title equals ``title``.</doc>
<msg timestamp="20210427 17:20:27.249" level="INFO">Page title is 'My Store'.</msg>
<status status="PASS" starttime="20210427 17:20:27.243" endtime="20210427 17:20:27.249"/>
</kw>
<status status="PASS" starttime="20210427 17:20:25.511" endtime="20210427 17:20:27.249"/>
</kw>
<kw name="Adicionar o produto &quot;t-shirt&quot; no carrinho" library="Home" sourcename="Adicionar o produto &quot;${Produto}&quot; no carrinho">
<kw name="Digitar o nome do produto &quot;${Produto}&quot; no campo de pesquisa" library="Home" sourcename="Digitar o nome do produto &quot;${Produto}&quot; no campo de pesquisa">
<kw name="Input Text" library="SeleniumLibrary">
<arg>${Home_Field_Search}</arg>
<arg>${Produto}</arg>
<doc>Types the given ``text`` into the text field identified by ``locator``.</doc>
<msg timestamp="20210427 17:20:27.251" level="INFO">Typing text 't-shirt' into text field 'name=search_query'.</msg>
<status status="PASS" starttime="20210427 17:20:27.250" endtime="20210427 17:20:27.361"/>
</kw>
<status status="PASS" starttime="20210427 17:20:27.250" endtime="20210427 17:20:27.362"/>
</kw>
<kw name="Clicar no botão pesquisar" library="Home">
<kw name="Click Element" library="SeleniumLibrary">
<arg>${Home_Button_Search}</arg>
<doc>Click the element identified by ``locator``.</doc>
<msg timestamp="20210427 17:20:27.363" level="INFO">Clicking element 'name=submit_search'.</msg>
<status status="PASS" starttime="20210427 17:20:27.363" endtime="20210427 17:20:28.809"/>
</kw>
<status status="PASS" starttime="20210427 17:20:27.362" endtime="20210427 17:20:28.810"/>
</kw>
<kw name="Clicar no botão &quot;Add to Cart&quot; do produto" library="Home">
<kw name="Wait Until Element Is Visible" library="SeleniumLibrary">
<arg>${Home_Product}</arg>
<doc>Waits until the element ``locator`` is visible.</doc>
<status status="PASS" starttime="20210427 17:20:28.810" endtime="20210427 17:20:28.844"/>
</kw>
<kw name="Click Element" library="SeleniumLibrary">
<arg>${Home_Product}</arg>
<doc>Click the element identified by ``locator``.</doc>
<msg timestamp="20210427 17:20:28.845" level="INFO">Clicking element 'xpath=//*[@id="center_column"]//img[@alt="Faded Short Sleeve T-shirts"]'.</msg>
<status status="PASS" starttime="20210427 17:20:28.845" endtime="20210427 17:20:30.778"/>
</kw>
<kw name="Wait Until Element Is Visible" library="SeleniumLibrary">
<arg>${Home_Button_Cart}</arg>
<doc>Waits until the element ``locator`` is visible.</doc>
<status status="PASS" starttime="20210427 17:20:30.778" endtime="20210427 17:20:30.813"/>
</kw>
<kw name="Click Button" library="SeleniumLibrary">
<arg>${Home_Button_Cart}</arg>
<doc>Clicks the button identified by ``locator``.</doc>
<msg timestamp="20210427 17:20:30.815" level="INFO">Clicking button 'xpath=//*[@id="add_to_cart"]/button'.</msg>
<status status="PASS" starttime="20210427 17:20:30.814" endtime="20210427 17:20:30.922"/>
</kw>
<status status="PASS" starttime="20210427 17:20:28.810" endtime="20210427 17:20:30.923"/>
</kw>
<kw name="Clicar no botão &quot;Proceed to checkout&quot;" library="Home">
<kw name="Wait Until Element Is Visible" library="SeleniumLibrary">
<arg>${Home_Button_Checkout}</arg>
<doc>Waits until the element ``locator`` is visible.</doc>
<status status="PASS" starttime="20210427 17:20:30.924" endtime="20210427 17:20:31.652"/>
</kw>
<kw name="Click Element" library="SeleniumLibrary">
<arg>${Home_Button_Checkout}</arg>
<doc>Click the element identified by ``locator``.</doc>
<msg timestamp="20210427 17:20:31.653" level="INFO">Clicking element 'xpath=//*[@id="layer_cart"]//a[@title="Proceed to checkout"]'.</msg>
<status status="PASS" starttime="20210427 17:20:31.652" endtime="20210427 17:20:33.234"/>
</kw>
<status status="PASS" starttime="20210427 17:20:30.923" endtime="20210427 17:20:33.234"/>
</kw>
<status status="PASS" starttime="20210427 17:20:27.249" endtime="20210427 17:20:33.234"/>
</kw>
<kw name="Excluir o produto do carrinho" library="Carrinho">
<kw name="Title Should Be" library="SeleniumLibrary">
<arg>${Carrinho_Title}</arg>
<doc>Verifies that the current page title equals ``title``.</doc>
<msg timestamp="20210427 17:20:33.241" level="INFO">Page title is 'Order - My Store'.</msg>
<status status="PASS" starttime="20210427 17:20:33.235" endtime="20210427 17:20:33.241"/>
</kw>
<kw name="Wait Until Element Is Visible" library="SeleniumLibrary">
<arg>${Carrinho_Delete}</arg>
<doc>Waits until the element ``locator`` is visible.</doc>
<status status="PASS" starttime="20210427 17:20:33.241" endtime="20210427 17:20:33.282"/>
</kw>
<kw name="Click Element" library="SeleniumLibrary">
<arg>${Carrinho_Delete}</arg>
<doc>Click the element identified by ``locator``.</doc>
<msg timestamp="20210427 17:20:33.283" level="INFO">Clicking element 'xpath=//*[@class="cart_quantity_delete"]'.</msg>
<status status="PASS" starttime="20210427 17:20:33.283" endtime="20210427 17:20:33.360"/>
</kw>
<status status="PASS" starttime="20210427 17:20:33.235" endtime="20210427 17:20:33.361"/>
</kw>
<kw name="Conferir se o carrinho fica vazio" library="Carrinho">
<kw name="Wait Until Element Is Visible" library="SeleniumLibrary">
<arg>${Carrinho_Mensagem}</arg>
<doc>Waits until the element ``locator`` is visible.</doc>
<msg timestamp="20210427 17:20:34.576" level="INFO">Suppressing StaleElementReferenceException from Selenium.</msg>
<status status="PASS" starttime="20210427 17:20:33.361" endtime="20210427 17:20:34.810"/>
</kw>
<kw name="Element Text Should Be" library="SeleniumLibrary">
<arg>${Carrinho_Mensagem}</arg>
<arg>${Assertion_Text}</arg>
<doc>Verifies that element ``locator`` contains exact the text ``expected``.</doc>
<msg timestamp="20210427 17:20:34.811" level="INFO">Verifying element 'xpath=//*[@id="center_column"]/p[@class='alert alert-warning']' contains exact text 'Your shopping cart is empty.'.</msg>
<status status="PASS" starttime="20210427 17:20:34.810" endtime="20210427 17:20:34.833"/>
</kw>
<status status="PASS" starttime="20210427 17:20:33.361" endtime="20210427 17:20:34.833"/>
</kw>
<kw name="Encerrar Sessão" library="Resource" type="TEARDOWN">
<kw name="Capture Page Screenshot" library="SeleniumLibrary">
<doc>Takes a screenshot of the current page and embeds it into a log file.</doc>
<msg timestamp="20210427 17:20:34.950" level="INFO" html="true">&lt;/td&gt;&lt;/tr&gt;&lt;tr&gt;&lt;td colspan="3"&gt;&lt;a href="selenium-screenshot-4.png"&gt;&lt;img src="selenium-screenshot-4.png" width="800px"&gt;&lt;/a&gt;</msg>
<status status="PASS" starttime="20210427 17:20:34.836" endtime="20210427 17:20:34.950"/>
</kw>
<kw name="Close Browser" library="SeleniumLibrary">
<doc>Closes the current browser.</doc>
<status status="PASS" starttime="20210427 17:20:34.950" endtime="20210427 17:20:37.188"/>
</kw>
<status status="PASS" starttime="20210427 17:20:34.835" endtime="20210427 17:20:37.188"/>
</kw>
<status status="PASS" starttime="20210427 17:20:19.969" endtime="20210427 17:20:37.188"/>
</test>
<test id="s1-t2" name="Caso de Teste com PO 02: Pesquisar Produto Existente">
<kw name="Nova Sessão" library="Resource" type="SETUP">
<kw name="Open Browser" library="SeleniumLibrary">
<arg>${Home_Url}</arg>
<arg>${Browser}</arg>
<doc>Opens a new browser instance to the optional ``url``.</doc>
<msg timestamp="20210427 17:20:37.188" level="INFO">Opening browser 'chrome' to base url 'http://automationpractice.com'.</msg>
<status status="PASS" starttime="20210427 17:20:37.188" endtime="20210427 17:20:43.633"/>
</kw>
<status status="PASS" starttime="20210427 17:20:37.188" endtime="20210427 17:20:43.634"/>
</kw>
<kw name="Acessar a página home do site" library="Home">
<kw name="Go To" library="SeleniumLibrary">
<arg>${Home_Url}</arg>
<doc>Navigates the current browser window to the provided ``url``.</doc>
<msg timestamp="20210427 17:20:43.636" level="INFO">Opening url 'http://automationpractice.com'</msg>
<status status="PASS" starttime="20210427 17:20:43.635" endtime="20210427 17:20:46.449"/>
</kw>
<kw name="Wait Until Element Is Visible" library="SeleniumLibrary">
<arg>${Home_Menu}</arg>
<doc>Waits until the element ``locator`` is visible.</doc>
<status status="PASS" starttime="20210427 17:20:46.450" endtime="20210427 17:20:46.522"/>
</kw>
<kw name="Title Should Be" library="SeleniumLibrary">
<arg>${Home_Title}</arg>
<doc>Verifies that the current page title equals ``title``.</doc>
<msg timestamp="20210427 17:20:46.529" level="INFO">Page title is 'My Store'.</msg>
<status status="PASS" starttime="20210427 17:20:46.523" endtime="20210427 17:20:46.529"/>
</kw>
<status status="PASS" starttime="20210427 17:20:43.634" endtime="20210427 17:20:46.529"/>
</kw>
<kw name="Digitar o nome do produto &quot;Blouse&quot; no campo de pesquisa" library="Home" sourcename="Digitar o nome do produto &quot;${Produto}&quot; no campo de pesquisa">
<kw name="Input Text" library="SeleniumLibrary">
<arg>${Home_Field_Search}</arg>
<arg>${Produto}</arg>
<doc>Types the given ``text`` into the text field identified by ``locator``.</doc>
<msg timestamp="20210427 17:20:46.531" level="INFO">Typing text 'Blouse' into text field 'name=search_query'.</msg>
<status status="PASS" starttime="20210427 17:20:46.530" endtime="20210427 17:20:46.744"/>
</kw>
<status status="PASS" starttime="20210427 17:20:46.530" endtime="20210427 17:20:46.745"/>
</kw>
<kw name="Clicar no botão pesquisar" library="Home">
<kw name="Click Element" library="SeleniumLibrary">
<arg>${Home_Button_Search}</arg>
<doc>Click the element identified by ``locator``.</doc>
<msg timestamp="20210427 17:20:46.750" level="INFO">Clicking element 'name=submit_search'.</msg>
<status status="PASS" starttime="20210427 17:20:46.749" endtime="20210427 17:20:48.087"/>
</kw>
<status status="PASS" starttime="20210427 17:20:46.748" endtime="20210427 17:20:48.087"/>
</kw>
<kw name="Conferir se o produto &quot;Blouse&quot; foi listado no site" library="Search" sourcename="Conferir se o produto ${Produto} foi listado no site">
<kw name="Wait Until Element Is Visible" library="SeleniumLibrary">
<arg>${Search_Visible}</arg>
<doc>Waits until the element ``locator`` is visible.</doc>
<status status="PASS" starttime="20210427 17:20:48.089" endtime="20210427 17:20:48.121"/>
</kw>
<kw name="Title Should Be" library="SeleniumLibrary">
<arg>${Search_Title}</arg>
<doc>Verifies that the current page title equals ``title``.</doc>
<msg timestamp="20210427 17:20:48.127" level="INFO">Page title is 'Search - My Store'.</msg>
<status status="PASS" starttime="20210427 17:20:48.121" endtime="20210427 17:20:48.127"/>
</kw>
<kw name="Page Should Contain Image" library="SeleniumLibrary">
<arg>${Search_Image}</arg>
<doc>Verifies image identified by ``locator`` is found from current page.</doc>
<msg timestamp="20210427 17:20:48.147" level="INFO">Current page contains image 'xpath=//*[@id="center_column"]//*[@src='http://automationpractice.com/img/p/7/7-home_default.jpg']'.</msg>
<status status="PASS" starttime="20210427 17:20:48.128" endtime="20210427 17:20:48.147"/>
</kw>
<kw name="Page Should Contain Link" library="SeleniumLibrary">
<arg>${Search_LinkText}</arg>
<doc>Verifies link identified by ``locator`` is found from current page.</doc>
<msg timestamp="20210427 17:20:48.168" level="INFO">Current page contains link 'xpath=//*[@id="center_column"]//a[@class="product-name"][contains(text(),"Blouse")]'.</msg>
<status status="PASS" starttime="20210427 17:20:48.147" endtime="20210427 17:20:48.168"/>
</kw>
<status status="PASS" starttime="20210427 17:20:48.088" endtime="20210427 17:20:48.168"/>
</kw>
<kw name="Encerrar Sessão" library="Resource" type="TEARDOWN">
<kw name="Capture Page Screenshot" library="SeleniumLibrary">
<doc>Takes a screenshot of the current page and embeds it into a log file.</doc>
<msg timestamp="20210427 17:20:48.322" level="INFO" html="true">&lt;/td&gt;&lt;/tr&gt;&lt;tr&gt;&lt;td colspan="3"&gt;&lt;a href="selenium-screenshot-5.png"&gt;&lt;img src="selenium-screenshot-5.png" width="800px"&gt;&lt;/a&gt;</msg>
<status status="PASS" starttime="20210427 17:20:48.169" endtime="20210427 17:20:48.322"/>
</kw>
<kw name="Close Browser" library="SeleniumLibrary">
<doc>Closes the current browser.</doc>
<status status="PASS" starttime="20210427 17:20:48.322" endtime="20210427 17:20:50.538"/>
</kw>
<status status="PASS" starttime="20210427 17:20:48.169" endtime="20210427 17:20:50.538"/>
</kw>
<status status="PASS" starttime="20210427 17:20:37.188" endtime="20210427 17:20:50.538"/>
</test>
<test id="s1-t3" name="Caso de Teste com PO 03: Pesquisar Produto Não Existente">
<kw name="Nova Sessão" library="Resource" type="SETUP">
<kw name="Open Browser" library="SeleniumLibrary">
<arg>${Home_Url}</arg>
<arg>${Browser}</arg>
<doc>Opens a new browser instance to the optional ``url``.</doc>
<msg timestamp="20210427 17:20:50.538" level="INFO">Opening browser 'chrome' to base url 'http://automationpractice.com'.</msg>
<status status="PASS" starttime="20210427 17:20:50.538" endtime="20210427 17:20:56.175"/>
</kw>
<status status="PASS" starttime="20210427 17:20:50.538" endtime="20210427 17:20:56.175"/>
</kw>
<kw name="Acessar a página home do site" library="Home">
<kw name="Go To" library="SeleniumLibrary">
<arg>${Home_Url}</arg>
<doc>Navigates the current browser window to the provided ``url``.</doc>
<msg timestamp="20210427 17:20:56.177" level="INFO">Opening url 'http://automationpractice.com'</msg>
<status status="PASS" starttime="20210427 17:20:56.176" endtime="20210427 17:20:59.017"/>
</kw>
<kw name="Wait Until Element Is Visible" library="SeleniumLibrary">
<arg>${Home_Menu}</arg>
<doc>Waits until the element ``locator`` is visible.</doc>
<status status="PASS" starttime="20210427 17:20:59.017" endtime="20210427 17:20:59.053"/>
</kw>
<kw name="Title Should Be" library="SeleniumLibrary">
<arg>${Home_Title}</arg>
<doc>Verifies that the current page title equals ``title``.</doc>
<msg timestamp="20210427 17:20:59.058" level="INFO">Page title is 'My Store'.</msg>
<status status="PASS" starttime="20210427 17:20:59.054" endtime="20210427 17:20:59.058"/>
</kw>
<status status="PASS" starttime="20210427 17:20:56.176" endtime="20210427 17:20:59.059"/>
</kw>
<kw name="Digitar o nome do produto &quot;itemNãoExistente&quot; no campo de pesquisa" library="Home" sourcename="Digitar o nome do produto &quot;${Produto}&quot; no campo de pesquisa">
<kw name="Input Text" library="SeleniumLibrary">
<arg>${Home_Field_Search}</arg>
<arg>${Produto}</arg>
<doc>Types the given ``text`` into the text field identified by ``locator``.</doc>
<msg timestamp="20210427 17:20:59.060" level="INFO">Typing text 'itemNãoExistente' into text field 'name=search_query'.</msg>
<status status="PASS" starttime="20210427 17:20:59.060" endtime="20210427 17:20:59.195"/>
</kw>
<status status="PASS" starttime="20210427 17:20:59.059" endtime="20210427 17:20:59.195"/>
</kw>
<kw name="Clicar no botão pesquisar" library="Home">
<kw name="Click Element" library="SeleniumLibrary">
<arg>${Home_Button_Search}</arg>
<doc>Click the element identified by ``locator``.</doc>
<msg timestamp="20210427 17:20:59.198" level="INFO">Clicking element 'name=submit_search'.</msg>
<status status="PASS" starttime="20210427 17:20:59.197" endtime="20210427 17:21:00.447"/>
</kw>
<status status="PASS" starttime="20210427 17:20:59.196" endtime="20210427 17:21:00.447"/>
</kw>
<kw name="Conferir mensagem de erro &quot;No results were found for your search &quot;itemNãoExistente&quot;&quot;" library="Search" sourcename="Conferir mensagem de erro &quot;${Mensagem_Alerta}&quot;">
<kw name="Wait Until Element Is Visible" library="SeleniumLibrary">
<arg>${Search_Text}</arg>
<doc>Waits until the element ``locator`` is visible.</doc>
<status status="PASS" starttime="20210427 17:21:00.448" endtime="20210427 17:21:00.478"/>
</kw>
<kw name="Element Text Should Be" library="SeleniumLibrary">
<arg>${Search_Text}</arg>
<arg>${Mensagem_Alerta}</arg>
<doc>Verifies that element ``locator`` contains exact the text ``expected``.</doc>
<msg timestamp="20210427 17:21:00.479" level="INFO">Verifying element 'xpath=//*[@id="center_column"]/p' contains exact text 'No results were found for your search "itemNãoExistente"'.</msg>
<status status="PASS" starttime="20210427 17:21:00.478" endtime="20210427 17:21:00.499"/>
</kw>
<status status="PASS" starttime="20210427 17:21:00.448" endtime="20210427 17:21:00.499"/>
</kw>
<kw name="Encerrar Sessão" library="Resource" type="TEARDOWN">
<kw name="Capture Page Screenshot" library="SeleniumLibrary">
<doc>Takes a screenshot of the current page and embeds it into a log file.</doc>
<msg timestamp="20210427 17:21:00.633" level="INFO" html="true">&lt;/td&gt;&lt;/tr&gt;&lt;tr&gt;&lt;td colspan="3"&gt;&lt;a href="selenium-screenshot-6.png"&gt;&lt;img src="selenium-screenshot-6.png" width="800px"&gt;&lt;/a&gt;</msg>
<status status="PASS" starttime="20210427 17:21:00.500" endtime="20210427 17:21:00.633"/>
</kw>
<kw name="Close Browser" library="SeleniumLibrary">
<doc>Closes the current browser.</doc>
<status status="PASS" starttime="20210427 17:21:00.633" endtime="20210427 17:21:02.821"/>
</kw>
<status status="PASS" starttime="20210427 17:21:00.500" endtime="20210427 17:21:02.821"/>
</kw>
<status status="PASS" starttime="20210427 17:20:50.538" endtime="20210427 17:21:02.821"/>
</test>
<status status="PASS" starttime="20210427 17:20:19.657" endtime="20210427 17:21:02.821"/>
</suite>
<statistics>
<total>
<stat pass="3" fail="0" skip="0">All Tests</stat>
</total>
<tag>
</tag>
<suite>
<stat pass="3" fail="0" skip="0" id="s1" name="TestSiteApplication">TestSiteApplication</stat>
</suite>
</statistics>
<errors>
</errors>
</robot>
