<?xml version="1.0" encoding="UTF-8"?>
<robot generator="Robot 4.0.1 (Python 3.9.4 on win32)" generated="20210428 13:33:06.776" rpa="false" schemaversion="2">
<suite id="s1" name="TestSiteApplicationBDD" source="c:\qaninja\applicationtest\TestAplicationPageObject\tests\TestSiteApplicationBDD.robot">
<test id="s1-t1" name="Cenario BDD 01 : Pesquisar produto existente">
<kw name="Nova Sessão" library="Resource" type="SETUP">
<kw name="Open Browser" library="SeleniumLibrary">
<arg>${Home_Url}</arg>
<arg>${Browser}</arg>
<doc>Opens a new browser instance to the optional ``url``.</doc>
<msg timestamp="20210428 13:33:07.088" level="INFO">Opening browser 'chrome' to base url 'http://automationpractice.com'.</msg>
<status status="PASS" starttime="20210428 13:33:07.088" endtime="20210428 13:33:13.185"/>
</kw>
<status status="PASS" starttime="20210428 13:33:07.088" endtime="20210428 13:33:13.185"/>
</kw>
<kw name="Dado que estou na página home do site">
<kw name="Acessar a página home do site" library="Home">
<kw name="Go To" library="SeleniumLibrary">
<arg>${Home_Url}</arg>
<doc>Navigates the current browser window to the provided ``url``.</doc>
<msg timestamp="20210428 13:33:13.189" level="INFO">Opening url 'http://automationpractice.com'</msg>
<status status="PASS" starttime="20210428 13:33:13.188" endtime="20210428 13:33:15.561"/>
</kw>
<kw name="Wait Until Element Is Visible" library="SeleniumLibrary">
<arg>${Home_Menu}</arg>
<doc>Waits until the element ``locator`` is visible.</doc>
<status status="PASS" starttime="20210428 13:33:15.562" endtime="20210428 13:33:15.632"/>
</kw>
<kw name="Title Should Be" library="SeleniumLibrary">
<arg>${Home_Title}</arg>
<doc>Verifies that the current page title equals ``title``.</doc>
<msg timestamp="20210428 13:33:15.640" level="INFO">Page title is 'My Store'.</msg>
<status status="PASS" starttime="20210428 13:33:15.632" endtime="20210428 13:33:15.640"/>
</kw>
<status status="PASS" starttime="20210428 13:33:13.187" endtime="20210428 13:33:15.640"/>
</kw>
<status status="PASS" starttime="20210428 13:33:13.186" endtime="20210428 13:33:15.641"/>
</kw>
<kw name="Quando eu pesquisar pelo produto &quot;Blouse&quot;" sourcename="Quando eu pesquisar pelo produto &quot;${Produto}&quot;">
<kw name="Digitar o nome do produto &quot;${Produto}&quot; no campo de pesquisa" library="Home" sourcename="Digitar o nome do produto &quot;${Produto}&quot; no campo de pesquisa">
<kw name="Input Text" library="SeleniumLibrary">
<arg>${Home_Field_Search}</arg>
<arg>${Produto}</arg>
<doc>Types the given ``text`` into the text field identified by ``locator``.</doc>
<msg timestamp="20210428 13:33:15.644" level="INFO">Typing text 'Blouse' into text field 'name=search_query'.</msg>
<status status="PASS" starttime="20210428 13:33:15.644" endtime="20210428 13:33:15.869"/>
</kw>
<status status="PASS" starttime="20210428 13:33:15.643" endtime="20210428 13:33:15.869"/>
</kw>
<kw name="Clicar no botão pesquisar" library="Home">
<kw name="Click Element" library="SeleniumLibrary">
<arg>${Home_Button_Search}</arg>
<doc>Click the element identified by ``locator``.</doc>
<msg timestamp="20210428 13:33:15.870" level="INFO">Clicking element 'name=submit_search'.</msg>
<status status="PASS" starttime="20210428 13:33:15.870" endtime="20210428 13:33:17.749"/>
</kw>
<status status="PASS" starttime="20210428 13:33:15.869" endtime="20210428 13:33:17.749"/>
</kw>
<status status="PASS" starttime="20210428 13:33:15.642" endtime="20210428 13:33:17.749"/>
</kw>
<kw name="Então o produto &quot;Blouse&quot; deve ser listado na página de resultado da busca" sourcename="Então o produto &quot;${Produto}&quot; deve ser listado na página de resultado da busca">
<kw name="Conferir se o produto &quot;Blouse&quot; foi listado no site" library="Search" sourcename="Conferir se o produto ${Produto} foi listado no site">
<kw name="Wait Until Element Is Visible" library="SeleniumLibrary">
<arg>${Search_Visible}</arg>
<doc>Waits until the element ``locator`` is visible.</doc>
<status status="PASS" starttime="20210428 13:33:17.751" endtime="20210428 13:33:17.793"/>
</kw>
<kw name="Title Should Be" library="SeleniumLibrary">
<arg>${Search_Title}</arg>
<doc>Verifies that the current page title equals ``title``.</doc>
<msg timestamp="20210428 13:33:17.797" level="INFO">Page title is 'Search - My Store'.</msg>
<status status="PASS" starttime="20210428 13:33:17.793" endtime="20210428 13:33:17.797"/>
</kw>
<kw name="Page Should Contain Image" library="SeleniumLibrary">
<arg>${Search_Image}</arg>
<doc>Verifies image identified by ``locator`` is found from current page.</doc>
<msg timestamp="20210428 13:33:17.816" level="INFO">Current page contains image 'xpath=//*[@id="center_column"]//*[@src='http://automationpractice.com/img/p/7/7-home_default.jpg']'.</msg>
<status status="PASS" starttime="20210428 13:33:17.798" endtime="20210428 13:33:17.816"/>
</kw>
<kw name="Page Should Contain Link" library="SeleniumLibrary">
<arg>${Search_LinkText}</arg>
<doc>Verifies link identified by ``locator`` is found from current page.</doc>
<msg timestamp="20210428 13:33:17.835" level="INFO">Current page contains link 'xpath=//*[@id="center_column"]//a[@class="product-name"][contains(text(),"Blouse")]'.</msg>
<status status="PASS" starttime="20210428 13:33:17.817" endtime="20210428 13:33:17.836"/>
</kw>
<status status="PASS" starttime="20210428 13:33:17.751" endtime="20210428 13:33:17.836"/>
</kw>
<status status="PASS" starttime="20210428 13:33:17.750" endtime="20210428 13:33:17.837"/>
</kw>
<kw name="Encerrar Sessão" library="Resource" type="TEARDOWN">
<kw name="Capture Page Screenshot" library="SeleniumLibrary">
<doc>Takes a screenshot of the current page and embeds it into a log file.</doc>
<msg timestamp="20210428 13:33:18.003" level="INFO" html="true">&lt;/td&gt;&lt;/tr&gt;&lt;tr&gt;&lt;td colspan="3"&gt;&lt;a href="selenium-screenshot-16.png"&gt;&lt;img src="selenium-screenshot-16.png" width="800px"&gt;&lt;/a&gt;</msg>
<status status="PASS" starttime="20210428 13:33:17.839" endtime="20210428 13:33:18.003"/>
</kw>
<kw name="Close Browser" library="SeleniumLibrary">
<doc>Closes the current browser.</doc>
<status status="PASS" starttime="20210428 13:33:18.004" endtime="20210428 13:33:20.958"/>
</kw>
<status status="PASS" starttime="20210428 13:33:17.838" endtime="20210428 13:33:20.958"/>
</kw>
<status status="PASS" starttime="20210428 13:33:07.088" endtime="20210428 13:33:20.958"/>
</test>
<test id="s1-t2" name="Cenário BDD 02 : Pesquisar produto não existente">
<kw name="Nova Sessão" library="Resource" type="SETUP">
<kw name="Open Browser" library="SeleniumLibrary">
<arg>${Home_Url}</arg>
<arg>${Browser}</arg>
<doc>Opens a new browser instance to the optional ``url``.</doc>
<msg timestamp="20210428 13:33:20.958" level="INFO">Opening browser 'chrome' to base url 'http://automationpractice.com'.</msg>
<status status="PASS" starttime="20210428 13:33:20.958" endtime="20210428 13:33:30.201"/>
</kw>
<status status="PASS" starttime="20210428 13:33:20.958" endtime="20210428 13:33:30.202"/>
</kw>
<kw name="Dado que estou na página home do site">
<kw name="Acessar a página home do site" library="Home">
<kw name="Go To" library="SeleniumLibrary">
<arg>${Home_Url}</arg>
<doc>Navigates the current browser window to the provided ``url``.</doc>
<msg timestamp="20210428 13:33:30.206" level="INFO">Opening url 'http://automationpractice.com'</msg>
<status status="PASS" starttime="20210428 13:33:30.205" endtime="20210428 13:33:33.093"/>
</kw>
<kw name="Wait Until Element Is Visible" library="SeleniumLibrary">
<arg>${Home_Menu}</arg>
<doc>Waits until the element ``locator`` is visible.</doc>
<status status="PASS" starttime="20210428 13:33:33.093" endtime="20210428 13:33:33.129"/>
</kw>
<kw name="Title Should Be" library="SeleniumLibrary">
<arg>${Home_Title}</arg>
<doc>Verifies that the current page title equals ``title``.</doc>
<msg timestamp="20210428 13:33:33.134" level="INFO">Page title is 'My Store'.</msg>
<status status="PASS" starttime="20210428 13:33:33.129" endtime="20210428 13:33:33.134"/>
</kw>
<status status="PASS" starttime="20210428 13:33:30.204" endtime="20210428 13:33:33.134"/>
</kw>
<status status="PASS" starttime="20210428 13:33:30.203" endtime="20210428 13:33:33.134"/>
</kw>
<kw name="Quando eu pesquisar pelo produto &quot;itemNãoExistente&quot;" sourcename="Quando eu pesquisar pelo produto &quot;${Produto}&quot;">
<kw name="Digitar o nome do produto &quot;${Produto}&quot; no campo de pesquisa" library="Home" sourcename="Digitar o nome do produto &quot;${Produto}&quot; no campo de pesquisa">
<kw name="Input Text" library="SeleniumLibrary">
<arg>${Home_Field_Search}</arg>
<arg>${Produto}</arg>
<doc>Types the given ``text`` into the text field identified by ``locator``.</doc>
<msg timestamp="20210428 13:33:33.136" level="INFO">Typing text 'itemNãoExistente' into text field 'name=search_query'.</msg>
<status status="PASS" starttime="20210428 13:33:33.136" endtime="20210428 13:33:33.271"/>
</kw>
<status status="PASS" starttime="20210428 13:33:33.135" endtime="20210428 13:33:33.271"/>
</kw>
<kw name="Clicar no botão pesquisar" library="Home">
<kw name="Click Element" library="SeleniumLibrary">
<arg>${Home_Button_Search}</arg>
<doc>Click the element identified by ``locator``.</doc>
<msg timestamp="20210428 13:33:33.273" level="INFO">Clicking element 'name=submit_search'.</msg>
<status status="PASS" starttime="20210428 13:33:33.273" endtime="20210428 13:33:35.258"/>
</kw>
<status status="PASS" starttime="20210428 13:33:33.272" endtime="20210428 13:33:35.258"/>
</kw>
<status status="PASS" starttime="20210428 13:33:33.135" endtime="20210428 13:33:35.259"/>
</kw>
<kw name="Então a página deve exibir a mensagem &quot;No results were found for your search &quot;itemNãoExistente&quot;&quot;">
<kw name="Conferir mensagem de erro &quot;No results were found for your search &quot;itemNãoExistente&quot;&quot;" library="Search" sourcename="Conferir mensagem de erro &quot;${Mensagem_Alerta}&quot;">
<kw name="Wait Until Element Is Visible" library="SeleniumLibrary">
<arg>${Search_Text}</arg>
<doc>Waits until the element ``locator`` is visible.</doc>
<status status="PASS" starttime="20210428 13:33:35.261" endtime="20210428 13:33:35.298"/>
</kw>
<kw name="Element Text Should Be" library="SeleniumLibrary">
<arg>${Search_Text}</arg>
<arg>${Mensagem_Alerta}</arg>
<doc>Verifies that element ``locator`` contains exact the text ``expected``.</doc>
<msg timestamp="20210428 13:33:35.299" level="INFO">Verifying element 'xpath=//*[@id="center_column"]/p' contains exact text 'No results were found for your search "itemNãoExistente"'.</msg>
<status status="PASS" starttime="20210428 13:33:35.298" endtime="20210428 13:33:35.320"/>
</kw>
<status status="PASS" starttime="20210428 13:33:35.260" endtime="20210428 13:33:35.320"/>
</kw>
<status status="PASS" starttime="20210428 13:33:35.259" endtime="20210428 13:33:35.320"/>
</kw>
<kw name="Encerrar Sessão" library="Resource" type="TEARDOWN">
<kw name="Capture Page Screenshot" library="SeleniumLibrary">
<doc>Takes a screenshot of the current page and embeds it into a log file.</doc>
<msg timestamp="20210428 13:33:35.449" level="INFO" html="true">&lt;/td&gt;&lt;/tr&gt;&lt;tr&gt;&lt;td colspan="3"&gt;&lt;a href="selenium-screenshot-17.png"&gt;&lt;img src="selenium-screenshot-17.png" width="800px"&gt;&lt;/a&gt;</msg>
<status status="PASS" starttime="20210428 13:33:35.322" endtime="20210428 13:33:35.450"/>
</kw>
<kw name="Close Browser" library="SeleniumLibrary">
<doc>Closes the current browser.</doc>
<status status="PASS" starttime="20210428 13:33:35.450" endtime="20210428 13:33:37.648"/>
</kw>
<status status="PASS" starttime="20210428 13:33:35.321" endtime="20210428 13:33:37.648"/>
</kw>
<status status="PASS" starttime="20210428 13:33:20.958" endtime="20210428 13:33:37.648"/>
</test>
<status status="PASS" starttime="20210428 13:33:06.776" endtime="20210428 13:33:37.648"/>
</suite>
<statistics>
<total>
<stat pass="2" fail="0" skip="0">All Tests</stat>
</total>
<tag>
</tag>
<suite>
<stat pass="2" fail="0" skip="0" id="s1" name="TestSiteApplicationBDD">TestSiteApplicationBDD</stat>
</suite>
</statistics>
<errors>
</errors>
</robot>
